Line 60: Class L2Plus.chameleonButton of control chbDel was not a loaded control class.
Line 98: Class L2Plus.chameleonButton of control chbEdit was not a loaded control class.
Line 136: Class L2Plus.chameleonButton of control chbAdd was not a loaded control class.
Line 66: The property name _ExtentX in chbDel is invalid.
Line 67: The property name _ExtentY in chbDel is invalid.
Line 68: The property name BTYPE in chbDel is invalid.
Line 69: The property name TX in chbDel is invalid.
Line 70: The property name ENAB in chbDel is invalid.
Line 80: The property name COLTYPE in chbDel is invalid.
Line 81: The property name FOCUSR in chbDel is invalid.
Line 82: The property name BCOL in chbDel is invalid.
Line 83: The property name BCOLO in chbDel is invalid.
Line 84: The property name FCOL in chbDel is invalid.
Line 85: The property name FCOLO in chbDel is invalid.
Line 86: The property name MCOL in chbDel is invalid.
Line 87: The property name MPTR in chbDel is invalid.
Line 88: The property name MICON in chbDel is invalid.
Line 89: The property name UMCOL in chbDel is invalid.
Line 90: The property name SOFT in chbDel is invalid.
Line 91: The property name PICPOS in chbDel is invalid.
Line 92: The property name NGREY in chbDel is invalid.
Line 93: The property name FX in chbDel is invalid.
Line 94: The property name HAND in chbDel is invalid.
Line 95: The property name CHECK in chbDel is invalid.
Line 96: The property name VALUE in chbDel is invalid.
Line 104: The property name _ExtentX in chbEdit is invalid.
Line 105: The property name _ExtentY in chbEdit is invalid.
Line 106: The property name BTYPE in chbEdit is invalid.
Line 107: The property name TX in chbEdit is invalid.
Line 108: The property name ENAB in chbEdit is invalid.
Line 118: The property name COLTYPE in chbEdit is invalid.
Line 119: The property name FOCUSR in chbEdit is invalid.
Line 120: The property name BCOL in chbEdit is invalid.
Line 121: The property name BCOLO in chbEdit is invalid.
Line 122: The property name FCOL in chbEdit is invalid.
Line 123: The property name FCOLO in chbEdit is invalid.
Line 124: The property name MCOL in chbEdit is invalid.
Line 125: The property name MPTR in chbEdit is invalid.
Line 126: The property name MICON in chbEdit is invalid.
Line 127: The property name UMCOL in chbEdit is invalid.
Line 128: The property name SOFT in chbEdit is invalid.
Line 129: The property name PICPOS in chbEdit is invalid.
Line 130: The property name NGREY in chbEdit is invalid.
Line 131: The property name FX in chbEdit is invalid.
Line 132: The property name HAND in chbEdit is invalid.
Line 133: The property name CHECK in chbEdit is invalid.
Line 134: The property name VALUE in chbEdit is invalid.
Line 142: The property name _ExtentX in chbAdd is invalid.
Line 143: The property name _ExtentY in chbAdd is invalid.
Line 144: The property name BTYPE in chbAdd is invalid.
Line 145: The property name TX in chbAdd is invalid.
Line 146: The property name ENAB in chbAdd is invalid.
Line 156: The property name COLTYPE in chbAdd is invalid.
Line 157: The property name FOCUSR in chbAdd is invalid.
Line 158: The property name BCOL in chbAdd is invalid.
Line 159: The property name BCOLO in chbAdd is invalid.
Line 160: The property name FCOL in chbAdd is invalid.
Line 161: The property name FCOLO in chbAdd is invalid.
Line 162: The property name MCOL in chbAdd is invalid.
Line 163: The property name MPTR in chbAdd is invalid.
Line 164: The property name MICON in chbAdd is invalid.
Line 165: The property name UMCOL in chbAdd is invalid.
Line 166: The property name SOFT in chbAdd is invalid.
Line 167: The property name PICPOS in chbAdd is invalid.
Line 168: The property name NGREY in chbAdd is invalid.
Line 169: The property name FX in chbAdd is invalid.
Line 170: The property name HAND in chbAdd is invalid.
Line 171: The property name CHECK in chbAdd is invalid.
Line 172: The property name VALUE in chbAdd is invalid.
