Line 26: Class Aggressive.chameleonButton of control chbSelect was not a loaded control class.
Line 32: The property name _ExtentX in chbSelect is invalid.
Line 33: The property name _ExtentY in chbSelect is invalid.
Line 34: The property name BTYPE in chbSelect is invalid.
Line 35: The property name TX in chbSelect is invalid.
Line 36: The property name ENAB in chbSelect is invalid.
Line 46: The property name COLTYPE in chbSelect is invalid.
Line 47: The property name FOCUSR in chbSelect is invalid.
Line 48: The property name BCOL in chbSelect is invalid.
Line 49: The property name BCOLO in chbSelect is invalid.
Line 50: The property name FCOL in chbSelect is invalid.
Line 51: The property name FCOLO in chbSelect is invalid.
Line 52: The property name MCOL in chbSelect is invalid.
Line 53: The property name MPTR in chbSelect is invalid.
Line 54: The property name MICON in chbSelect is invalid.
Line 55: The property name UMCOL in chbSelect is invalid.
Line 56: The property name SOFT in chbSelect is invalid.
Line 57: The property name PICPOS in chbSelect is invalid.
Line 58: The property name NGREY in chbSelect is invalid.
Line 59: The property name FX in chbSelect is invalid.
Line 60: The property name HAND in chbSelect is invalid.
Line 61: The property name CHECK in chbSelect is invalid.
Line 62: The property name VALUE in chbSelect is invalid.
